2023-01-31 19:58:53,182:INFO:PyCaret Supervised Module
2023-01-31 19:58:53,183:INFO:ML Usecase: classification
2023-01-31 19:58:53,183:INFO:version 2.3.10
2023-01-31 19:58:53,183:INFO:Initializing setup()
2023-01-31 19:58:53,184:INFO:setup(target=default, ml_usecase=classification, available_plots={'parameter': 'Hyperparameters', 'auc': 'AUC', 'confusion_matrix': 'Confusion Matrix', 'threshold': 'Threshold', 'pr': 'Precision Recall', 'error': 'Prediction Error', 'class_report': 'Class Report', 'rfe': 'Feature Selection', 'learning': 'Learning Curve', 'manifold': 'Manifold Learning', 'calibration': 'Calibration Curve', 'vc': 'Validation Curve', 'dimension': 'Dimensions', 'feature': 'Feature Importance', 'feature_all': 'Feature Importance (All)', 'boundary': 'Decision Boundary', 'lift': 'Lift Chart', 'gain': 'Gain Chart', 'tree': 'Decision Tree', 'ks': 'KS Statistic Plot'}, train_size=0.7, test_data=None, preprocess=True, imputation_type=simple, iterative_imputation_iters=5, categorical_features=None, categorical_imputation=constant, categorical_iterative_imputer=lightgbm, ordinal_features=None, high_cardinality_features=None, high_cardinality_method=frequency, numeric_features=None, numeric_imputation=mean, numeric_iterative_imputer=lightgbm, date_features=None, ignore_features=None, normalize=False, normalize_method=zscore, transformation=False, transformation_method=yeo-johnson, handle_unknown_categorical=True, unknown_categorical_method=least_frequent, pca=False, pca_method=linear, pca_components=None, ignore_low_variance=False, combine_rare_levels=False, rare_level_threshold=0.1, bin_numeric_features=None, remove_outliers=False, outliers_threshold=0.05, remove_multicollinearity=False, multicollinearity_threshold=0.9, remove_perfect_collinearity=True, create_clusters=False, cluster_iter=20, polynomial_features=False, polynomial_degree=2, trigonometry_features=False, polynomial_threshold=0.1, group_features=None, group_names=None, feature_selection=False, feature_selection_threshold=0.8, feature_selection_method=classic, feature_interaction=False, feature_ratio=False, interaction_threshold=0.01, fix_imbalance=False, fix_imbalance_method=None, transform_target=False, transform_target_method=box-cox, data_split_shuffle=True, data_split_stratify=False, fold_strategy=stratifiedkfold, fold=10, fold_shuffle=False, fold_groups=None, n_jobs=-1, use_gpu=False, custom_pipeline=None, html=True, session_id=123, log_experiment=False, experiment_name=None, experiment_custom_tags=None, log_plots=False, log_profile=False, log_data=False, silent=False, verbose=True, profile=False, profile_kwargs=None, display=None)
2023-01-31 19:58:53,184:INFO:Checking environment
2023-01-31 19:58:53,184:INFO:python_version: 3.8.16
2023-01-31 19:58:53,184:INFO:python_build: ('default', 'Jan 17 2023 22:25:28')
2023-01-31 19:58:53,184:INFO:machine: AMD64
2023-01-31 19:58:53,184:INFO:platform: Windows-10-10.0.19044-SP0
2023-01-31 19:58:53,185:INFO:Memory: svmem(total=8572358656, available=1395310592, percent=83.7, used=7177048064, free=1395310592)
2023-01-31 19:58:53,185:INFO:Physical Core: 4
2023-01-31 19:58:53,185:INFO:Logical Core: 8
2023-01-31 19:58:53,185:INFO:Checking libraries
2023-01-31 19:58:53,185:INFO:pd==1.5.3
2023-01-31 19:58:53,186:INFO:numpy==1.20.3
2023-01-31 19:58:53,186:INFO:sklearn==0.23.2
2023-01-31 19:58:53,186:INFO:lightgbm==3.3.5
2023-01-31 19:58:53,190:WARNING:catboost not found
2023-01-31 19:58:53,192:WARNING:xgboost not found
2023-01-31 19:58:53,192:INFO:mlflow==2.1.1
2023-01-31 19:58:53,192:INFO:Checking Exceptions
2023-01-31 20:00:10,889:INFO:PyCaret Supervised Module
2023-01-31 20:00:10,890:INFO:ML Usecase: classification
2023-01-31 20:00:10,890:INFO:version 2.3.10
2023-01-31 20:00:10,891:INFO:Initializing setup()
2023-01-31 20:00:10,891:INFO:setup(target=Transported, ml_usecase=classification, available_plots={'parameter': 'Hyperparameters', 'auc': 'AUC', 'confusion_matrix': 'Confusion Matrix', 'threshold': 'Threshold', 'pr': 'Precision Recall', 'error': 'Prediction Error', 'class_report': 'Class Report', 'rfe': 'Feature Selection', 'learning': 'Learning Curve', 'manifold': 'Manifold Learning', 'calibration': 'Calibration Curve', 'vc': 'Validation Curve', 'dimension': 'Dimensions', 'feature': 'Feature Importance', 'feature_all': 'Feature Importance (All)', 'boundary': 'Decision Boundary', 'lift': 'Lift Chart', 'gain': 'Gain Chart', 'tree': 'Decision Tree', 'ks': 'KS Statistic Plot'}, train_size=0.7, test_data=None, preprocess=True, imputation_type=simple, iterative_imputation_iters=5, categorical_features=None, categorical_imputation=constant, categorical_iterative_imputer=lightgbm, ordinal_features=None, high_cardinality_features=None, high_cardinality_method=frequency, numeric_features=None, numeric_imputation=mean, numeric_iterative_imputer=lightgbm, date_features=None, ignore_features=None, normalize=False, normalize_method=zscore, transformation=False, transformation_method=yeo-johnson, handle_unknown_categorical=True, unknown_categorical_method=least_frequent, pca=False, pca_method=linear, pca_components=None, ignore_low_variance=False, combine_rare_levels=False, rare_level_threshold=0.1, bin_numeric_features=None, remove_outliers=False, outliers_threshold=0.05, remove_multicollinearity=False, multicollinearity_threshold=0.9, remove_perfect_collinearity=True, create_clusters=False, cluster_iter=20, polynomial_features=False, polynomial_degree=2, trigonometry_features=False, polynomial_threshold=0.1, group_features=None, group_names=None, feature_selection=False, feature_selection_threshold=0.8, feature_selection_method=classic, feature_interaction=False, feature_ratio=False, interaction_threshold=0.01, fix_imbalance=False, fix_imbalance_method=None, transform_target=False, transform_target_method=box-cox, data_split_shuffle=True, data_split_stratify=False, fold_strategy=stratifiedkfold, fold=10, fold_shuffle=False, fold_groups=None, n_jobs=-1, use_gpu=False, custom_pipeline=None, html=True, session_id=123, log_experiment=False, experiment_name=None, experiment_custom_tags=None, log_plots=False, log_profile=False, log_data=False, silent=False, verbose=True, profile=False, profile_kwargs=None, display=None)
2023-01-31 20:00:10,891:INFO:Checking environment
2023-01-31 20:00:10,892:INFO:python_version: 3.8.16
2023-01-31 20:00:10,892:INFO:python_build: ('default', 'Jan 17 2023 22:25:28')
2023-01-31 20:00:10,892:INFO:machine: AMD64
2023-01-31 20:00:10,892:INFO:platform: Windows-10-10.0.19044-SP0
2023-01-31 20:00:10,893:INFO:Memory: svmem(total=8572358656, available=1336713216, percent=84.4, used=7235645440, free=1336713216)
2023-01-31 20:00:10,893:INFO:Physical Core: 4
2023-01-31 20:00:10,893:INFO:Logical Core: 8
2023-01-31 20:00:10,893:INFO:Checking libraries
2023-01-31 20:00:10,893:INFO:pd==1.5.3
2023-01-31 20:00:10,894:INFO:numpy==1.20.3
2023-01-31 20:00:10,894:INFO:sklearn==0.23.2
2023-01-31 20:00:10,894:INFO:lightgbm==3.3.5
2023-01-31 20:00:10,897:WARNING:catboost not found
2023-01-31 20:00:10,899:WARNING:xgboost not found
2023-01-31 20:00:10,899:INFO:mlflow==2.1.1
2023-01-31 20:00:10,899:INFO:Checking Exceptions
2023-01-31 20:00:10,900:INFO:Declaring global variables
2023-01-31 20:00:10,900:INFO:USI: e8f5
2023-01-31 20:00:10,900:INFO:pycaret_globals: {'seed', 'USI', '_all_metrics', 'iterative_imputation_iters_param', 'y_train', 'prep_pipe', 'html_param', 'exp_name_log', 'data_before_preprocess', 'imputation_classifier', 'fix_imbalance_param', 'master_model_container', 'transform_target_param', '_all_models_internal', 'imputation_regressor', 'transform_target_method_param', 'dashboard_logger', 'create_model_container', 'y_test', '_available_plots', 'experiment__', 'display_container', 'fold_groups_param_full', 'X_test', 'target_param', '_internal_pipeline', 'log_plots_param', 'stratify_param', '_gpu_n_jobs_param', 'gpu_param', 'logging_param', 'X', 'y', 'n_jobs_param', 'pycaret_globals', 'fold_generator', 'X_train', 'fold_param', 'fix_imbalance_method_param', 'fold_shuffle_param', '_ml_usecase', 'fold_groups_param', '_all_models'}
2023-01-31 20:00:10,900:INFO:Preparing display monitor
2023-01-31 20:00:10,900:INFO:Preparing display monitor
2023-01-31 20:00:10,929:INFO:Importing libraries
2023-01-31 20:00:10,929:INFO:Copying data for preprocessing
2023-01-31 20:00:10,955:INFO:Declaring preprocessing parameters
2023-01-31 20:00:10,970:INFO:Creating preprocessing pipeline
2023-01-31 20:00:11,077:INFO:Preprocessing pipeline created successfully
2023-01-31 20:00:11,078:ERROR:(Process Exit): setup has been interupted with user command 'quit'. setup must rerun.
2023-01-31 20:00:11,079:INFO:Creating global containers
2023-01-31 20:00:11,083:INFO:Internal pipeline: Pipeline(memory=None, steps=[('empty_step', 'passthrough')], verbose=False)
2023-01-31 20:01:34,954:INFO:PyCaret Supervised Module
2023-01-31 20:01:34,955:INFO:ML Usecase: classification
2023-01-31 20:01:34,955:INFO:version 2.3.10
2023-01-31 20:01:34,955:INFO:Initializing setup()
2023-01-31 20:01:34,955:INFO:setup(target=Transported, ml_usecase=classification, available_plots={'parameter': 'Hyperparameters', 'auc': 'AUC', 'confusion_matrix': 'Confusion Matrix', 'threshold': 'Threshold', 'pr': 'Precision Recall', 'error': 'Prediction Error', 'class_report': 'Class Report', 'rfe': 'Feature Selection', 'learning': 'Learning Curve', 'manifold': 'Manifold Learning', 'calibration': 'Calibration Curve', 'vc': 'Validation Curve', 'dimension': 'Dimensions', 'feature': 'Feature Importance', 'feature_all': 'Feature Importance (All)', 'boundary': 'Decision Boundary', 'lift': 'Lift Chart', 'gain': 'Gain Chart', 'tree': 'Decision Tree', 'ks': 'KS Statistic Plot'}, train_size=0.7, test_data=None, preprocess=True, imputation_type=simple, iterative_imputation_iters=5, categorical_features=None, categorical_imputation=constant, categorical_iterative_imputer=lightgbm, ordinal_features=None, high_cardinality_features=None, high_cardinality_method=frequency, numeric_features=None, numeric_imputation=mean, numeric_iterative_imputer=lightgbm, date_features=None, ignore_features=None, normalize=False, normalize_method=zscore, transformation=False, transformation_method=yeo-johnson, handle_unknown_categorical=True, unknown_categorical_method=least_frequent, pca=False, pca_method=linear, pca_components=None, ignore_low_variance=False, combine_rare_levels=False, rare_level_threshold=0.1, bin_numeric_features=None, remove_outliers=False, outliers_threshold=0.05, remove_multicollinearity=False, multicollinearity_threshold=0.9, remove_perfect_collinearity=True, create_clusters=False, cluster_iter=20, polynomial_features=False, polynomial_degree=2, trigonometry_features=False, polynomial_threshold=0.1, group_features=None, group_names=None, feature_selection=False, feature_selection_threshold=0.8, feature_selection_method=classic, feature_interaction=False, feature_ratio=False, interaction_threshold=0.01, fix_imbalance=False, fix_imbalance_method=None, transform_target=False, transform_target_method=box-cox, data_split_shuffle=True, data_split_stratify=False, fold_strategy=stratifiedkfold, fold=10, fold_shuffle=False, fold_groups=None, n_jobs=-1, use_gpu=False, custom_pipeline=None, html=True, session_id=123, log_experiment=False, experiment_name=None, experiment_custom_tags=None, log_plots=False, log_profile=False, log_data=False, silent=False, verbose=True, profile=False, profile_kwargs=None, display=None)
2023-01-31 20:01:34,956:INFO:Checking environment
2023-01-31 20:01:34,956:INFO:python_version: 3.8.16
2023-01-31 20:01:34,956:INFO:python_build: ('default', 'Jan 17 2023 22:25:28')
2023-01-31 20:01:34,956:INFO:machine: AMD64
2023-01-31 20:01:34,956:INFO:platform: Windows-10-10.0.19044-SP0
2023-01-31 20:01:34,956:INFO:Memory: svmem(total=8572358656, available=2345562112, percent=72.6, used=6226796544, free=2345562112)
2023-01-31 20:01:34,957:INFO:Physical Core: 4
2023-01-31 20:01:34,957:INFO:Logical Core: 8
2023-01-31 20:01:34,957:INFO:Checking libraries
2023-01-31 20:01:34,957:INFO:pd==1.5.3
2023-01-31 20:01:34,957:INFO:numpy==1.20.3
2023-01-31 20:01:34,957:INFO:sklearn==0.23.2
2023-01-31 20:01:34,958:INFO:lightgbm==3.3.5
2023-01-31 20:01:34,960:WARNING:catboost not found
2023-01-31 20:01:34,963:WARNING:xgboost not found
2023-01-31 20:01:34,963:INFO:mlflow==2.1.1
2023-01-31 20:01:34,963:INFO:Checking Exceptions
2023-01-31 20:01:34,964:INFO:Declaring global variables
2023-01-31 20:01:34,964:INFO:USI: e6ed
2023-01-31 20:01:34,964:INFO:pycaret_globals: {'experiment__', 'fold_shuffle_param', 'prep_pipe', 'display_container', 'transform_target_method_param', 'create_model_container', 'data_before_preprocess', 'fold_groups_param', 'X_train', '_all_metrics', 'fold_param', 'fix_imbalance_param', 'y', 'fix_imbalance_method_param', 'y_train', 'master_model_container', 'USI', '_all_models', '_available_plots', 'html_param', 'stratify_param', '_gpu_n_jobs_param', 'exp_name_log', 'fold_groups_param_full', 'seed', '_all_models_internal', '_internal_pipeline', 'iterative_imputation_iters_param', 'transform_target_param', 'dashboard_logger', 'log_plots_param', '_ml_usecase', 'X_test', 'imputation_regressor', 'logging_param', 'gpu_param', 'X', 'target_param', 'pycaret_globals', 'imputation_classifier', 'n_jobs_param', 'y_test', 'fold_generator'}
2023-01-31 20:01:34,964:INFO:Preparing display monitor
2023-01-31 20:01:34,964:INFO:Preparing display monitor
2023-01-31 20:01:34,993:INFO:Importing libraries
2023-01-31 20:01:34,994:INFO:Copying data for preprocessing
2023-01-31 20:01:35,025:INFO:Declaring preprocessing parameters
2023-01-31 20:01:35,036:INFO:Creating preprocessing pipeline
2023-01-31 20:01:35,096:INFO:Preprocessing pipeline created successfully
2023-01-31 20:01:35,098:ERROR:(Process Exit): setup has been interupted with user command 'quit'. setup must rerun.
2023-01-31 20:01:35,098:INFO:Creating global containers
2023-01-31 20:01:35,104:INFO:Internal pipeline: Pipeline(memory=None, steps=[('empty_step', 'passthrough')], verbose=False)
2023-01-31 20:07:51,019:INFO:PyCaret Supervised Module
2023-01-31 20:07:51,020:INFO:ML Usecase: classification
2023-01-31 20:07:51,020:INFO:version 2.3.10
2023-01-31 20:07:51,020:INFO:Initializing setup()
2023-01-31 20:07:51,020:INFO:setup(target=Transported, ml_usecase=classification, available_plots={'parameter': 'Hyperparameters', 'auc': 'AUC', 'confusion_matrix': 'Confusion Matrix', 'threshold': 'Threshold', 'pr': 'Precision Recall', 'error': 'Prediction Error', 'class_report': 'Class Report', 'rfe': 'Feature Selection', 'learning': 'Learning Curve', 'manifold': 'Manifold Learning', 'calibration': 'Calibration Curve', 'vc': 'Validation Curve', 'dimension': 'Dimensions', 'feature': 'Feature Importance', 'feature_all': 'Feature Importance (All)', 'boundary': 'Decision Boundary', 'lift': 'Lift Chart', 'gain': 'Gain Chart', 'tree': 'Decision Tree', 'ks': 'KS Statistic Plot'}, train_size=0.7, test_data=None, preprocess=True, imputation_type=simple, iterative_imputation_iters=5, categorical_features=None, categorical_imputation=constant, categorical_iterative_imputer=lightgbm, ordinal_features=None, high_cardinality_features=None, high_cardinality_method=frequency, numeric_features=None, numeric_imputation=mean, numeric_iterative_imputer=lightgbm, date_features=None, ignore_features=None, normalize=False, normalize_method=zscore, transformation=False, transformation_method=yeo-johnson, handle_unknown_categorical=True, unknown_categorical_method=least_frequent, pca=False, pca_method=linear, pca_components=None, ignore_low_variance=False, combine_rare_levels=False, rare_level_threshold=0.1, bin_numeric_features=None, remove_outliers=False, outliers_threshold=0.05, remove_multicollinearity=False, multicollinearity_threshold=0.9, remove_perfect_collinearity=True, create_clusters=False, cluster_iter=20, polynomial_features=False, polynomial_degree=2, trigonometry_features=False, polynomial_threshold=0.1, group_features=None, group_names=None, feature_selection=False, feature_selection_threshold=0.8, feature_selection_method=classic, feature_interaction=False, feature_ratio=False, interaction_threshold=0.01, fix_imbalance=False, fix_imbalance_method=None, transform_target=False, transform_target_method=box-cox, data_split_shuffle=True, data_split_stratify=False, fold_strategy=stratifiedkfold, fold=10, fold_shuffle=False, fold_groups=None, n_jobs=-1, use_gpu=False, custom_pipeline=None, html=True, session_id=123, log_experiment=False, experiment_name=None, experiment_custom_tags=None, log_plots=False, log_profile=False, log_data=False, silent=False, verbose=True, profile=False, profile_kwargs=None, display=None)
2023-01-31 20:07:51,021:INFO:Checking environment
2023-01-31 20:07:51,021:INFO:python_version: 3.8.16
2023-01-31 20:07:51,021:INFO:python_build: ('default', 'Jan 17 2023 22:25:28')
2023-01-31 20:07:51,021:INFO:machine: AMD64
2023-01-31 20:07:51,021:INFO:platform: Windows-10-10.0.19044-SP0
2023-01-31 20:07:51,021:INFO:Memory: svmem(total=8572358656, available=4151476224, percent=51.6, used=4420882432, free=4151476224)
2023-01-31 20:07:51,022:INFO:Physical Core: 4
2023-01-31 20:07:51,022:INFO:Logical Core: 8
2023-01-31 20:07:51,022:INFO:Checking libraries
2023-01-31 20:07:51,022:INFO:pd==1.5.3
2023-01-31 20:07:51,023:INFO:numpy==1.20.3
2023-01-31 20:07:51,023:INFO:sklearn==0.23.2
2023-01-31 20:07:51,023:INFO:lightgbm==3.3.5
2023-01-31 20:07:51,026:WARNING:catboost not found
2023-01-31 20:07:51,029:WARNING:xgboost not found
2023-01-31 20:07:51,030:INFO:mlflow==2.1.1
2023-01-31 20:07:51,030:INFO:Checking Exceptions
2023-01-31 20:07:51,030:INFO:Declaring global variables
2023-01-31 20:07:51,030:INFO:USI: 5b72
2023-01-31 20:07:51,030:INFO:pycaret_globals: {'y_test', 'USI', 'imputation_regressor', 'fold_generator', 'iterative_imputation_iters_param', 'fold_groups_param_full', 'n_jobs_param', '_all_models_internal', '_gpu_n_jobs_param', 'exp_name_log', 'y', 'y_train', 'prep_pipe', 'logging_param', 'log_plots_param', 'fold_groups_param', '_available_plots', 'X_train', 'gpu_param', 'transform_target_method_param', 'fold_param', 'html_param', 'pycaret_globals', '_all_metrics', 'X', 'experiment__', 'transform_target_param', 'imputation_classifier', 'stratify_param', 'X_test', '_internal_pipeline', '_all_models', 'fix_imbalance_method_param', 'target_param', 'dashboard_logger', '_ml_usecase', 'data_before_preprocess', 'fix_imbalance_param', 'master_model_container', 'display_container', 'fold_shuffle_param', 'seed', 'create_model_container'}
2023-01-31 20:07:51,031:INFO:Preparing display monitor
2023-01-31 20:07:51,031:INFO:Preparing display monitor
2023-01-31 20:07:51,054:INFO:Importing libraries
2023-01-31 20:07:51,054:INFO:Copying data for preprocessing
2023-01-31 20:07:51,087:INFO:Declaring preprocessing parameters
2023-01-31 20:07:51,096:INFO:Creating preprocessing pipeline
2023-01-31 20:07:51,156:INFO:Preprocessing pipeline created successfully
2023-01-31 20:07:51,157:ERROR:(Process Exit): setup has been interupted with user command 'quit'. setup must rerun.
2023-01-31 20:07:51,157:INFO:Creating global containers
2023-01-31 20:07:51,162:INFO:Internal pipeline: Pipeline(memory=None, steps=[('empty_step', 'passthrough')], verbose=False)
2023-01-31 20:13:26,906:WARNING:Couldn't import xgboost.XGBClassifier
2023-01-31 20:13:26,915:WARNING:Couldn't import catboost.CatBoostClassifier
2023-01-31 20:13:27,202:WARNING:Couldn't import xgboost.XGBClassifier
2023-01-31 20:13:27,206:WARNING:Couldn't import catboost.CatBoostClassifier
2023-01-31 20:13:27,209:INFO:Creating grid variables
2023-01-31 20:13:27,290:INFO:create_model_container: 0
2023-01-31 20:13:27,290:INFO:master_model_container: 0
2023-01-31 20:13:27,290:INFO:display_container: 1
2023-01-31 20:13:27,307:INFO:Pipeline(memory=None,
         steps=[('dtypes',
                 DataTypes_Auto_infer(categorical_features=[],
                                      display_types=True, features_todrop=[],
                                      id_columns=[],
                                      ml_usecase='classification',
                                      numerical_features=[],
                                      target='Transported', time_features=[])),
                ('imputer',
                 Simple_Imputer(categorical_strategy='not_available',
                                fill_value_categorical=None,
                                fill_value_numerical=None,
                                numeric_...
                ('scaling', 'passthrough'), ('P_transform', 'passthrough'),
                ('binn', 'passthrough'), ('rem_outliers', 'passthrough'),
                ('cluster_all', 'passthrough'),
                ('dummy', Dummify(target='Transported')),
                ('fix_perfect', Remove_100(target='Transported')),
                ('clean_names', Clean_Colum_Names()),
                ('feature_select', 'passthrough'), ('fix_multi', 'passthrough'),
                ('dfs', 'passthrough'), ('pca', 'passthrough')],
         verbose=False)
2023-01-31 20:13:27,308:INFO:setup() succesfully completed......................................
2023-01-31 20:16:45,814:INFO:Initializing compare_models()
2023-01-31 20:16:45,814:INFO:compare_models(include=None, fold=None, round=4, cross_validation=True, sort=Accuracy, n_select=1, budget_time=None, turbo=True, errors=ignore, fit_kwargs=None, groups=None, experiment_custom_tags=None, probability_threshold=None, verbose=True, display=None, exclude=None)
2023-01-31 20:16:45,814:INFO:Checking exceptions
2023-01-31 20:16:45,816:INFO:Preparing display monitor
2023-01-31 20:16:45,817:INFO:Preparing display monitor
2023-01-31 20:16:45,872:INFO:Initializing Logistic Regression
2023-01-31 20:16:45,873:INFO:Total runtime is 1.625219980875651e-05 minutes
2023-01-31 20:16:45,891:INFO:SubProcess create_model() called ==================================
2023-01-31 20:16:45,891:INFO:Initializing create_model()
2023-01-31 20:16:45,892:INFO:create_model(estimator=lr, fold=StratifiedKFold(n_splits=10, random_state=None, shuffle=False), round=4, cross_validation=True, predict=True, fit_kwargs={}, groups=None, refit=False, verbose=False, system=False, metrics=None, experiment_custom_tags=None, add_to_model_list=True, probability_threshold=None, display=<pycaret.internal.Display.Display object at 0x0000022679EFA5B0>, return_train_score=False, kwargs={})
2023-01-31 20:16:45,892:INFO:Checking exceptions
2023-01-31 20:16:45,892:INFO:Importing libraries
2023-01-31 20:16:45,893:INFO:Copying training dataset
2023-01-31 20:16:46,389:INFO:Defining folds
2023-01-31 20:16:46,390:INFO:Declaring metric variables
2023-01-31 20:16:46,409:INFO:Importing untrained model
2023-01-31 20:16:46,428:INFO:Logistic Regression Imported succesfully
2023-01-31 20:16:46,484:INFO:Starting cross validation
2023-01-31 20:16:46,486:INFO:Cross validating with StratifiedKFold(n_splits=10, random_state=None, shuffle=False), n_jobs=-1
2023-01-31 20:19:00,757:INFO:Calculating mean and std
2023-01-31 20:19:00,781:INFO:Creating metrics dataframe
2023-01-31 20:19:00,857:INFO:Uploading results into container
2023-01-31 20:19:00,858:INFO:Uploading model into container now
2023-01-31 20:19:00,859:INFO:create_model_container: 1
2023-01-31 20:19:00,859:INFO:master_model_container: 1
2023-01-31 20:19:00,859:INFO:display_container: 2
2023-01-31 20:19:00,866:INFO:LogisticRegression(C=1.0, class_weight=None, dual=False, fit_intercept=True,
                   intercept_scaling=1, l1_ratio=None, max_iter=1000,
                   multi_class='auto', n_jobs=None, penalty='l2',
                   random_state=123, solver='lbfgs', tol=0.0001, verbose=0,
                   warm_start=False)
2023-01-31 20:19:00,867:INFO:create_model() succesfully completed......................................
2023-01-31 20:19:01,832:INFO:SubProcess create_model() end ==================================
2023-01-31 20:19:01,833:INFO:Creating metrics dataframe
2023-01-31 20:19:01,864:INFO:Initializing K Neighbors Classifier
2023-01-31 20:19:01,864:INFO:Total runtime is 2.2665377060572305 minutes
2023-01-31 20:19:01,881:INFO:SubProcess create_model() called ==================================
2023-01-31 20:19:01,882:INFO:Initializing create_model()
2023-01-31 20:19:01,882:INFO:create_model(estimator=knn, fold=StratifiedKFold(n_splits=10, random_state=None, shuffle=False), round=4, cross_validation=True, predict=True, fit_kwargs={}, groups=None, refit=False, verbose=False, system=False, metrics=None, experiment_custom_tags=None, add_to_model_list=True, probability_threshold=None, display=<pycaret.internal.Display.Display object at 0x0000022679EFA5B0>, return_train_score=False, kwargs={})
2023-01-31 20:19:01,882:INFO:Checking exceptions
2023-01-31 20:19:01,883:INFO:Importing libraries
2023-01-31 20:19:01,883:INFO:Copying training dataset
2023-01-31 20:19:02,424:INFO:Defining folds
2023-01-31 20:19:02,426:INFO:Declaring metric variables
2023-01-31 20:19:02,447:INFO:Importing untrained model
2023-01-31 20:19:02,471:INFO:K Neighbors Classifier Imported succesfully
2023-01-31 20:19:02,523:INFO:Starting cross validation
2023-01-31 20:19:02,524:INFO:Cross validating with StratifiedKFold(n_splits=10, random_state=None, shuffle=False), n_jobs=-1
2023-01-31 20:20:39,420:INFO:Calculating mean and std
2023-01-31 20:20:39,422:INFO:Creating metrics dataframe
2023-01-31 20:20:39,434:INFO:Uploading results into container
2023-01-31 20:20:39,434:INFO:Uploading model into container now
2023-01-31 20:20:39,434:INFO:create_model_container: 2
2023-01-31 20:20:39,434:INFO:master_model_container: 2
2023-01-31 20:20:39,434:INFO:display_container: 2
2023-01-31 20:20:39,435:INFO:KNeighborsClassifier(algorithm='auto', leaf_size=30, metric='minkowski',
                     metric_params=None, n_jobs=-1, n_neighbors=5, p=2,
                     weights='uniform')
2023-01-31 20:20:39,435:INFO:create_model() succesfully completed......................................
2023-01-31 20:20:39,725:INFO:SubProcess create_model() end ==================================
2023-01-31 20:20:39,725:INFO:Creating metrics dataframe
2023-01-31 20:20:39,757:INFO:Initializing Naive Bayes
2023-01-31 20:20:39,758:INFO:Total runtime is 3.8980872591336566 minutes
2023-01-31 20:20:39,777:INFO:SubProcess create_model() called ==================================
2023-01-31 20:20:39,778:INFO:Initializing create_model()
2023-01-31 20:20:39,779:INFO:create_model(estimator=nb, fold=StratifiedKFold(n_splits=10, random_state=None, shuffle=False), round=4, cross_validation=True, predict=True, fit_kwargs={}, groups=None, refit=False, verbose=False, system=False, metrics=None, experiment_custom_tags=None, add_to_model_list=True, probability_threshold=None, display=<pycaret.internal.Display.Display object at 0x0000022679EFA5B0>, return_train_score=False, kwargs={})
2023-01-31 20:20:39,780:INFO:Checking exceptions
2023-01-31 20:20:39,780:INFO:Importing libraries
2023-01-31 20:20:39,780:INFO:Copying training dataset
2023-01-31 20:20:40,266:INFO:Defining folds
2023-01-31 20:20:40,266:INFO:Declaring metric variables
2023-01-31 20:20:40,283:INFO:Importing untrained model
2023-01-31 20:20:40,304:INFO:Naive Bayes Imported succesfully
2023-01-31 20:20:40,348:INFO:Starting cross validation
2023-01-31 20:20:40,349:INFO:Cross validating with StratifiedKFold(n_splits=10, random_state=None, shuffle=False), n_jobs=-1
2023-01-31 20:20:55,281:INFO:Calculating mean and std
2023-01-31 20:20:55,283:INFO:Creating metrics dataframe
2023-01-31 20:20:55,299:INFO:Uploading results into container
2023-01-31 20:20:55,300:INFO:Uploading model into container now
2023-01-31 20:20:55,301:INFO:create_model_container: 3
2023-01-31 20:20:55,302:INFO:master_model_container: 3
2023-01-31 20:20:55,302:INFO:display_container: 2
2023-01-31 20:20:55,305:INFO:GaussianNB(priors=None, var_smoothing=1e-09)
2023-01-31 20:20:55,305:INFO:create_model() succesfully completed......................................
2023-01-31 20:20:55,619:INFO:SubProcess create_model() end ==================================
2023-01-31 20:20:55,620:INFO:Creating metrics dataframe
2023-01-31 20:20:55,668:INFO:Initializing Decision Tree Classifier
2023-01-31 20:20:55,669:INFO:Total runtime is 4.163279418150584 minutes
2023-01-31 20:20:55,693:INFO:SubProcess create_model() called ==================================
2023-01-31 20:20:55,694:INFO:Initializing create_model()
2023-01-31 20:20:55,694:INFO:create_model(estimator=dt, fold=StratifiedKFold(n_splits=10, random_state=None, shuffle=False), round=4, cross_validation=True, predict=True, fit_kwargs={}, groups=None, refit=False, verbose=False, system=False, metrics=None, experiment_custom_tags=None, add_to_model_list=True, probability_threshold=None, display=<pycaret.internal.Display.Display object at 0x0000022679EFA5B0>, return_train_score=False, kwargs={})
2023-01-31 20:20:55,695:INFO:Checking exceptions
2023-01-31 20:20:55,695:INFO:Importing libraries
2023-01-31 20:20:55,695:INFO:Copying training dataset
2023-01-31 20:20:56,337:INFO:Defining folds
2023-01-31 20:20:56,338:INFO:Declaring metric variables
2023-01-31 20:20:56,360:INFO:Importing untrained model
2023-01-31 20:20:56,389:INFO:Decision Tree Classifier Imported succesfully
2023-01-31 20:20:56,438:INFO:Starting cross validation
2023-01-31 20:20:56,440:INFO:Cross validating with StratifiedKFold(n_splits=10, random_state=None, shuffle=False), n_jobs=-1
2023-01-31 20:21:07,733:INFO:Calculating mean and std
2023-01-31 20:21:07,736:INFO:Creating metrics dataframe
2023-01-31 20:21:07,752:INFO:Uploading results into container
2023-01-31 20:21:07,753:INFO:Uploading model into container now
2023-01-31 20:21:07,753:INFO:create_model_container: 4
2023-01-31 20:21:07,754:INFO:master_model_container: 4
2023-01-31 20:21:07,754:INFO:display_container: 2
2023-01-31 20:21:07,755:INFO:DecisionTreeClassifier(ccp_alpha=0.0, class_weight=None, criterion='gini',
                       max_depth=None, max_features=None, max_leaf_nodes=None,
                       min_impurity_decrease=0.0, min_impurity_split=None,
                       min_samples_leaf=1, min_samples_split=2,
                       min_weight_fraction_leaf=0.0, presort='deprecated',
                       random_state=123, splitter='best')
2023-01-31 20:21:07,756:INFO:create_model() succesfully completed......................................
2023-01-31 20:21:08,061:INFO:SubProcess create_model() end ==================================
2023-01-31 20:21:08,062:INFO:Creating metrics dataframe
2023-01-31 20:21:08,094:INFO:Initializing SVM - Linear Kernel
2023-01-31 20:21:08,094:INFO:Total runtime is 4.3703666965166725 minutes
2023-01-31 20:21:08,117:INFO:SubProcess create_model() called ==================================
2023-01-31 20:21:08,119:INFO:Initializing create_model()
2023-01-31 20:21:08,119:INFO:create_model(estimator=svm, fold=StratifiedKFold(n_splits=10, random_state=None, shuffle=False), round=4, cross_validation=True, predict=True, fit_kwargs={}, groups=None, refit=False, verbose=False, system=False, metrics=None, experiment_custom_tags=None, add_to_model_list=True, probability_threshold=None, display=<pycaret.internal.Display.Display object at 0x0000022679EFA5B0>, return_train_score=False, kwargs={})
2023-01-31 20:21:08,119:INFO:Checking exceptions
2023-01-31 20:21:08,119:INFO:Importing libraries
2023-01-31 20:21:08,119:INFO:Copying training dataset
2023-01-31 20:21:08,648:INFO:Defining folds
2023-01-31 20:21:08,649:INFO:Declaring metric variables
2023-01-31 20:21:08,667:INFO:Importing untrained model
2023-01-31 20:21:08,689:INFO:SVM - Linear Kernel Imported succesfully
2023-01-31 20:21:08,731:INFO:Starting cross validation
2023-01-31 20:21:08,733:INFO:Cross validating with StratifiedKFold(n_splits=10, random_state=None, shuffle=False), n_jobs=-1
2023-01-31 20:23:13,538:INFO:Calculating mean and std
2023-01-31 20:23:13,541:INFO:Creating metrics dataframe
2023-01-31 20:23:13,558:INFO:Uploading results into container
2023-01-31 20:23:13,559:INFO:Uploading model into container now
2023-01-31 20:23:13,560:INFO:create_model_container: 5
2023-01-31 20:23:13,560:INFO:master_model_container: 5
2023-01-31 20:23:13,560:INFO:display_container: 2
2023-01-31 20:23:13,564:INFO:SGDClassifier(alpha=0.0001, average=False, class_weight=None,
              early_stopping=False, epsilon=0.1, eta0=0.001, fit_intercept=True,
              l1_ratio=0.15, learning_rate='optimal', loss='hinge',
              max_iter=1000, n_iter_no_change=5, n_jobs=-1, penalty='l2',
              power_t=0.5, random_state=123, shuffle=True, tol=0.001,
              validation_fraction=0.1, verbose=0, warm_start=False)
2023-01-31 20:23:13,564:INFO:create_model() succesfully completed......................................
2023-01-31 20:23:13,976:INFO:SubProcess create_model() end ==================================
2023-01-31 20:23:13,976:INFO:Creating metrics dataframe
2023-01-31 20:23:14,025:INFO:Initializing Ridge Classifier
2023-01-31 20:23:14,025:INFO:Total runtime is 6.4692106207211815 minutes
2023-01-31 20:23:14,049:INFO:SubProcess create_model() called ==================================
2023-01-31 20:23:14,051:INFO:Initializing create_model()
2023-01-31 20:23:14,051:INFO:create_model(estimator=ridge, fold=StratifiedKFold(n_splits=10, random_state=None, shuffle=False), round=4, cross_validation=True, predict=True, fit_kwargs={}, groups=None, refit=False, verbose=False, system=False, metrics=None, experiment_custom_tags=None, add_to_model_list=True, probability_threshold=None, display=<pycaret.internal.Display.Display object at 0x0000022679EFA5B0>, return_train_score=False, kwargs={})
2023-01-31 20:23:14,051:INFO:Checking exceptions
2023-01-31 20:23:14,051:INFO:Importing libraries
2023-01-31 20:23:14,051:INFO:Copying training dataset
2023-01-31 20:23:14,897:INFO:Defining folds
2023-01-31 20:23:14,898:INFO:Declaring metric variables
2023-01-31 20:23:14,925:INFO:Importing untrained model
2023-01-31 20:23:14,950:INFO:Ridge Classifier Imported succesfully
2023-01-31 20:23:15,010:INFO:Starting cross validation
2023-01-31 20:23:15,012:INFO:Cross validating with StratifiedKFold(n_splits=10, random_state=None, shuffle=False), n_jobs=-1
2023-01-31 20:40:57,323:INFO:Calculating mean and std
2023-01-31 20:40:57,370:INFO:Creating metrics dataframe
2023-01-31 20:40:57,494:INFO:Uploading results into container
2023-01-31 20:40:57,494:INFO:Uploading model into container now
2023-01-31 20:40:57,495:INFO:create_model_container: 6
2023-01-31 20:40:57,495:INFO:master_model_container: 6
2023-01-31 20:40:57,495:INFO:display_container: 2
2023-01-31 20:40:57,505:INFO:RidgeClassifier(alpha=1.0, class_weight=None, copy_X=True, fit_intercept=True,
                max_iter=None, normalize=False, random_state=123, solver='auto',
                tol=0.001)
2023-01-31 20:40:57,505:INFO:create_model() succesfully completed......................................
2023-01-31 20:40:58,482:INFO:SubProcess create_model() end ==================================
2023-01-31 20:40:58,482:INFO:Creating metrics dataframe
2023-01-31 20:40:58,530:INFO:Initializing Random Forest Classifier
2023-01-31 20:40:58,531:INFO:Total runtime is 24.21098249355952 minutes
2023-01-31 20:40:58,550:INFO:SubProcess create_model() called ==================================
2023-01-31 20:40:58,551:INFO:Initializing create_model()
2023-01-31 20:40:58,551:INFO:create_model(estimator=rf, fold=StratifiedKFold(n_splits=10, random_state=None, shuffle=False), round=4, cross_validation=True, predict=True, fit_kwargs={}, groups=None, refit=False, verbose=False, system=False, metrics=None, experiment_custom_tags=None, add_to_model_list=True, probability_threshold=None, display=<pycaret.internal.Display.Display object at 0x0000022679EFA5B0>, return_train_score=False, kwargs={})
2023-01-31 20:40:58,552:INFO:Checking exceptions
2023-01-31 20:40:58,552:INFO:Importing libraries
2023-01-31 20:40:58,556:INFO:Copying training dataset
2023-01-31 20:40:59,186:INFO:Defining folds
2023-01-31 20:40:59,187:INFO:Declaring metric variables
2023-01-31 20:40:59,204:INFO:Importing untrained model
2023-01-31 20:40:59,226:INFO:Random Forest Classifier Imported succesfully
2023-01-31 20:40:59,272:INFO:Starting cross validation
2023-01-31 20:40:59,274:INFO:Cross validating with StratifiedKFold(n_splits=10, random_state=None, shuffle=False), n_jobs=-1
2023-01-31 20:43:17,837:INFO:Calculating mean and std
2023-01-31 20:43:17,840:INFO:Creating metrics dataframe
2023-01-31 20:43:17,856:INFO:Uploading results into container
2023-01-31 20:43:17,857:INFO:Uploading model into container now
2023-01-31 20:43:17,857:INFO:create_model_container: 7
2023-01-31 20:43:17,857:INFO:master_model_container: 7
2023-01-31 20:43:17,857:INFO:display_container: 2
2023-01-31 20:43:17,860:INFO:RandomForestClassifier(bootstrap=True, ccp_alpha=0.0, class_weight=None,
                       criterion='gini', max_depth=None, max_features='auto',
                       max_leaf_nodes=None, max_samples=None,
                       min_impurity_decrease=0.0, min_impurity_split=None,
                       min_samples_leaf=1, min_samples_split=2,
                       min_weight_fraction_leaf=0.0, n_estimators=100,
                       n_jobs=-1, oob_score=False, random_state=123, verbose=0,
                       warm_start=False)
2023-01-31 20:43:17,860:INFO:create_model() succesfully completed......................................
2023-01-31 20:43:18,191:INFO:SubProcess create_model() end ==================================
2023-01-31 20:43:18,191:INFO:Creating metrics dataframe
2023-01-31 20:43:18,236:INFO:Initializing Quadratic Discriminant Analysis
2023-01-31 20:43:18,237:INFO:Total runtime is 26.53940972487132 minutes
2023-01-31 20:43:18,264:INFO:SubProcess create_model() called ==================================
2023-01-31 20:43:18,271:INFO:Initializing create_model()
2023-01-31 20:43:18,271:INFO:create_model(estimator=qda, fold=StratifiedKFold(n_splits=10, random_state=None, shuffle=False), round=4, cross_validation=True, predict=True, fit_kwargs={}, groups=None, refit=False, verbose=False, system=False, metrics=None, experiment_custom_tags=None, add_to_model_list=True, probability_threshold=None, display=<pycaret.internal.Display.Display object at 0x0000022679EFA5B0>, return_train_score=False, kwargs={})
2023-01-31 20:43:18,272:INFO:Checking exceptions
2023-01-31 20:43:18,272:INFO:Importing libraries
2023-01-31 20:43:18,272:INFO:Copying training dataset
2023-01-31 20:43:19,122:INFO:Defining folds
2023-01-31 20:43:19,125:INFO:Declaring metric variables
2023-01-31 20:43:19,168:INFO:Importing untrained model
2023-01-31 20:43:19,202:INFO:Quadratic Discriminant Analysis Imported succesfully
2023-01-31 20:43:19,269:INFO:Starting cross validation
2023-01-31 20:43:19,270:INFO:Cross validating with StratifiedKFold(n_splits=10, random_state=None, shuffle=False), n_jobs=-1
2023-01-31 20:58:10,359:INFO:Calculating mean and std
2023-01-31 20:58:10,449:INFO:Creating metrics dataframe
2023-01-31 20:58:10,597:INFO:Uploading results into container
2023-01-31 20:58:10,598:INFO:Uploading model into container now
2023-01-31 20:58:10,598:INFO:create_model_container: 8
2023-01-31 20:58:10,598:INFO:master_model_container: 8
2023-01-31 20:58:10,598:INFO:display_container: 2
2023-01-31 20:58:10,612:INFO:QuadraticDiscriminantAnalysis(priors=None, reg_param=0.0,
                              store_covariance=False, tol=0.0001)
2023-01-31 20:58:10,612:INFO:create_model() succesfully completed......................................
2023-01-31 20:58:12,042:INFO:SubProcess create_model() end ==================================
2023-01-31 20:58:12,043:INFO:Creating metrics dataframe
2023-01-31 20:58:12,101:INFO:Initializing Ada Boost Classifier
2023-01-31 20:58:12,101:INFO:Total runtime is 41.43715751568477 minutes
2023-01-31 20:58:12,124:INFO:SubProcess create_model() called ==================================
2023-01-31 20:58:12,125:INFO:Initializing create_model()
2023-01-31 20:58:12,125:INFO:create_model(estimator=ada, fold=StratifiedKFold(n_splits=10, random_state=None, shuffle=False), round=4, cross_validation=True, predict=True, fit_kwargs={}, groups=None, refit=False, verbose=False, system=False, metrics=None, experiment_custom_tags=None, add_to_model_list=True, probability_threshold=None, display=<pycaret.internal.Display.Display object at 0x0000022679EFA5B0>, return_train_score=False, kwargs={})
2023-01-31 20:58:12,126:INFO:Checking exceptions
2023-01-31 20:58:12,126:INFO:Importing libraries
2023-01-31 20:58:12,130:INFO:Copying training dataset
2023-01-31 20:58:12,861:INFO:Defining folds
2023-01-31 20:58:12,862:INFO:Declaring metric variables
2023-01-31 20:58:12,883:INFO:Importing untrained model
2023-01-31 20:58:12,910:INFO:Ada Boost Classifier Imported succesfully
2023-01-31 20:58:12,959:INFO:Starting cross validation
2023-01-31 20:58:12,963:INFO:Cross validating with StratifiedKFold(n_splits=10, random_state=None, shuffle=False), n_jobs=-1
2023-01-31 20:59:44,165:INFO:Calculating mean and std
2023-01-31 20:59:44,167:INFO:Creating metrics dataframe
2023-01-31 20:59:44,178:INFO:Uploading results into container
2023-01-31 20:59:44,179:INFO:Uploading model into container now
2023-01-31 20:59:44,179:INFO:create_model_container: 9
2023-01-31 20:59:44,179:INFO:master_model_container: 9
2023-01-31 20:59:44,179:INFO:display_container: 2
2023-01-31 20:59:44,180:INFO:AdaBoostClassifier(algorithm='SAMME.R', base_estimator=None, learning_rate=1.0,
                   n_estimators=50, random_state=123)
2023-01-31 20:59:44,181:INFO:create_model() succesfully completed......................................
2023-01-31 20:59:44,430:INFO:SubProcess create_model() end ==================================
2023-01-31 20:59:44,431:INFO:Creating metrics dataframe
2023-01-31 20:59:44,467:INFO:Initializing Gradient Boosting Classifier
2023-01-31 20:59:44,468:INFO:Total runtime is 42.97659242550532 minutes
2023-01-31 20:59:44,490:INFO:SubProcess create_model() called ==================================
2023-01-31 20:59:44,491:INFO:Initializing create_model()
2023-01-31 20:59:44,492:INFO:create_model(estimator=gbc, fold=StratifiedKFold(n_splits=10, random_state=None, shuffle=False), round=4, cross_validation=True, predict=True, fit_kwargs={}, groups=None, refit=False, verbose=False, system=False, metrics=None, experiment_custom_tags=None, add_to_model_list=True, probability_threshold=None, display=<pycaret.internal.Display.Display object at 0x0000022679EFA5B0>, return_train_score=False, kwargs={})
2023-01-31 20:59:44,492:INFO:Checking exceptions
2023-01-31 20:59:44,493:INFO:Importing libraries
2023-01-31 20:59:44,493:INFO:Copying training dataset
2023-01-31 20:59:45,042:INFO:Defining folds
2023-01-31 20:59:45,043:INFO:Declaring metric variables
2023-01-31 20:59:45,063:INFO:Importing untrained model
2023-01-31 20:59:45,087:INFO:Gradient Boosting Classifier Imported succesfully
2023-01-31 20:59:45,135:INFO:Starting cross validation
2023-01-31 20:59:45,136:INFO:Cross validating with StratifiedKFold(n_splits=10, random_state=None, shuffle=False), n_jobs=-1
2023-01-31 21:05:18,427:INFO:Calculating mean and std
2023-01-31 21:05:18,429:INFO:Creating metrics dataframe
2023-01-31 21:05:18,445:INFO:Uploading results into container
2023-01-31 21:05:18,446:INFO:Uploading model into container now
2023-01-31 21:05:18,446:INFO:create_model_container: 10
2023-01-31 21:05:18,446:INFO:master_model_container: 10
2023-01-31 21:05:18,447:INFO:display_container: 2
2023-01-31 21:05:18,448:INFO:GradientBoostingClassifier(ccp_alpha=0.0, criterion='friedman_mse', init=None,
                           learning_rate=0.1, loss='deviance', max_depth=3,
                           max_features=None, max_leaf_nodes=None,
                           min_impurity_decrease=0.0, min_impurity_split=None,
                           min_samples_leaf=1, min_samples_split=2,
                           min_weight_fraction_leaf=0.0, n_estimators=100,
                           n_iter_no_change=None, presort='deprecated',
                           random_state=123, subsample=1.0, tol=0.0001,
                           validation_fraction=0.1, verbose=0,
                           warm_start=False)
2023-01-31 21:05:18,448:INFO:create_model() succesfully completed......................................
2023-01-31 21:05:18,744:INFO:SubProcess create_model() end ==================================
2023-01-31 21:05:18,744:INFO:Creating metrics dataframe
2023-01-31 21:05:18,785:INFO:Initializing Linear Discriminant Analysis
2023-01-31 21:05:18,786:INFO:Total runtime is 48.54856512943904 minutes
2023-01-31 21:05:18,815:INFO:SubProcess create_model() called ==================================
2023-01-31 21:05:18,816:INFO:Initializing create_model()
2023-01-31 21:05:18,817:INFO:create_model(estimator=lda, fold=StratifiedKFold(n_splits=10, random_state=None, shuffle=False), round=4, cross_validation=True, predict=True, fit_kwargs={}, groups=None, refit=False, verbose=False, system=False, metrics=None, experiment_custom_tags=None, add_to_model_list=True, probability_threshold=None, display=<pycaret.internal.Display.Display object at 0x0000022679EFA5B0>, return_train_score=False, kwargs={})
2023-01-31 21:05:18,817:INFO:Checking exceptions
2023-01-31 21:05:18,818:INFO:Importing libraries
2023-01-31 21:05:18,818:INFO:Copying training dataset
2023-01-31 21:05:19,389:INFO:Defining folds
2023-01-31 21:05:19,390:INFO:Declaring metric variables
2023-01-31 21:05:19,409:INFO:Importing untrained model
2023-01-31 21:05:19,431:INFO:Linear Discriminant Analysis Imported succesfully
2023-01-31 21:05:19,483:INFO:Starting cross validation
2023-01-31 21:05:19,485:INFO:Cross validating with StratifiedKFold(n_splits=10, random_state=None, shuffle=False), n_jobs=-1
